[ 10%] Built target talker_with_service
[ 20%] Built target talker_listener_composition
[ 30%] Built target client_sync
[ 40%] Built target listener
[35m[1mScanning dependencies of target talker[0m
[ 50%] Built target talker_with_service_param
[ 60%] Built target listener_component
[ 70%] Built target set_and_get_parameters
[ 75%] [32mBuilding CXX object CMakeFiles/talker.dir/src/talker.cpp.o[0m
[ 85%] Built target talker_component
[ 95%] Built target client_async
[01m[K/home/shiozaki/ros2/src/hello_world/src/talker.cpp:[m[K In lambda function:
[01m[K/home/shiozaki/ros2/src/hello_world/src/talker.cpp:52:2:[m[K [01;31m[Kerror: [m[Kâ€˜[01m[Kuuid_string[m[Kâ€™ was not declared in this scope
  [01;31m[Kuuid_string[m[K uuid_str;
  [01;31m[K^~~~~~~~~~~[m[K
[01m[K/home/shiozaki/ros2/src/hello_world/src/talker.cpp:52:2:[m[K [01;36m[Knote: [m[Ksuggested alternative: â€˜[01m[Kuuid_variant[m[Kâ€™
  [01;36m[Kuuid_string[m[K uuid_str;
  [01;36m[K^~~~~~~~~~~[m[K
  [32m[Kuuid_variant[m[K
[01m[K/home/shiozaki/ros2/src/hello_world/src/talker.cpp:53:31:[m[K [01;31m[Kerror: [m[Kâ€˜[01m[Kuuid_str[m[Kâ€™ was not declared in this scope
  uuid_unparse_upper(req_uuid, [01;31m[Kuuid_str[m[K);
                               [01;31m[K^~~~~~~~[m[K
[01m[K/home/shiozaki/ros2/src/hello_world/src/talker.cpp:53:31:[m[K [01;36m[Knote: [m[Ksuggested alternative: â€˜[01m[Kuuid_t[m[Kâ€™
  uuid_unparse_upper(req_uuid, [01;36m[Kuuid_str[m[K);
                               [01;36m[K^~~~~~~~[m[K
                               [32m[Kuuid_t[m[K
CMakeFiles/talker.dir/build.make:62: recipe for target 'CMakeFiles/talker.dir/src/talker.cpp.o' failed
make[2]: *** [CMakeFiles/talker.dir/src/talker.cpp.o] Error 1
CMakeFiles/Makefile2:284: recipe for target 'CMakeFiles/talker.dir/all' failed
make[1]: *** [CMakeFiles/talker.dir/all] Error 2
make: *** [all] Error 2
Makefile:140: recipe for target 'all' failed
