[0.026s] Invoking command in '/home/shiozaki/ros2/build/hello_world': CMAKE_PREFIX_PATH=/home/shiozaki/ros2/install/hello_world_msgs:/home/shiozaki/ros2/install/libcreate:/home/shiozaki/ros2/install/hello_world:/home/shiozaki/ros2/install/fibonacci:/home/shiozaki/ros2/install/examples_rclpy_topics:/home/shiozaki/ros2/install/examples_rclpy_services:/home/shiozaki/ros2/install/examples_rclpy_minimal_action_server:/opt/ros/dashing LD_LIBRARY_PATH=/home/shiozaki/ros2/install/hello_world_msgs/lib:/home/shiozaki/ros2/install/libcreate/lib:/opt/ros/dashing/opt/yaml_cpp_vendor/lib:/opt/ros/dashing/opt/rviz_ogre_vendor/lib:/usr/lib:/opt/rti.com/rti_connext_dds-5.3.1/lib/x64Linux3gcc5.4.0:/opt/ros/dashing/lib /usr/bin/cmake --build /home/shiozaki/ros2/build/hello_world -- -j4 -l4
[0.139s] [ 10%] Built target talker_with_service
[0.160s] [ 20%] Built target talker_listener_composition
[0.161s] [ 30%] Built target client_sync
[0.167s] [ 40%] Built target listener
[0.191s] [35m[1mScanning dependencies of target talker[0m
[0.199s] [ 50%] Built target talker_with_service_param
[0.224s] [ 60%] Built target listener_component
[0.227s] [ 70%] Built target set_and_get_parameters
[0.239s] [ 75%] [32mBuilding CXX object CMakeFiles/talker.dir/src/talker.cpp.o[0m
[0.253s] [ 85%] Built target talker_component
[0.277s] [ 95%] Built target client_async
[1.275s] [01m[K/home/shiozaki/ros2/src/hello_world/src/talker.cpp:[m[K In lambda function:
[1.275s] [01m[K/home/shiozaki/ros2/src/hello_world/src/talker.cpp:52:2:[m[K [01;31m[Kerror: [m[Kâ€˜[01m[Kuuid_string[m[Kâ€™ was not declared in this scope
[1.275s]   [01;31m[Kuuid_string[m[K uuid_str;
[1.275s]   [01;31m[K^~~~~~~~~~~[m[K
[1.277s] [01m[K/home/shiozaki/ros2/src/hello_world/src/talker.cpp:52:2:[m[K [01;36m[Knote: [m[Ksuggested alternative: â€˜[01m[Kuuid_variant[m[Kâ€™
[1.277s]   [01;36m[Kuuid_string[m[K uuid_str;
[1.277s]   [01;36m[K^~~~~~~~~~~[m[K
[1.277s]   [32m[Kuuid_variant[m[K
[1.277s] [01m[K/home/shiozaki/ros2/src/hello_world/src/talker.cpp:53:31:[m[K [01;31m[Kerror: [m[Kâ€˜[01m[Kuuid_str[m[Kâ€™ was not declared in this scope
[1.277s]   uuid_unparse_upper(req_uuid, [01;31m[Kuuid_str[m[K);
[1.277s]                                [01;31m[K^~~~~~~~[m[K
[1.278s] [01m[K/home/shiozaki/ros2/src/hello_world/src/talker.cpp:53:31:[m[K [01;36m[Knote: [m[Ksuggested alternative: â€˜[01m[Kuuid_t[m[Kâ€™
[1.278s]   uuid_unparse_upper(req_uuid, [01;36m[Kuuid_str[m[K);
[1.278s]                                [01;36m[K^~~~~~~~[m[K
[1.278s]                                [32m[Kuuid_t[m[K
[1.709s] CMakeFiles/talker.dir/build.make:62: recipe for target 'CMakeFiles/talker.dir/src/talker.cpp.o' failed
[1.709s] make[2]: *** [CMakeFiles/talker.dir/src/talker.cpp.o] Error 1
[1.709s] CMakeFiles/Makefile2:284: recipe for target 'CMakeFiles/talker.dir/all' failed
[1.709s] make[1]: *** [CMakeFiles/talker.dir/all] Error 2
[1.709s] make: *** [all] Error 2
[1.709s] Makefile:140: recipe for target 'all' failed
[1.711s] Invoked command in '/home/shiozaki/ros2/build/hello_world' returned '2': CMAKE_PREFIX_PATH=/home/shiozaki/ros2/install/hello_world_msgs:/home/shiozaki/ros2/install/libcreate:/home/shiozaki/ros2/install/hello_world:/home/shiozaki/ros2/install/fibonacci:/home/shiozaki/ros2/install/examples_rclpy_topics:/home/shiozaki/ros2/install/examples_rclpy_services:/home/shiozaki/ros2/install/examples_rclpy_minimal_action_server:/opt/ros/dashing LD_LIBRARY_PATH=/home/shiozaki/ros2/install/hello_world_msgs/lib:/home/shiozaki/ros2/install/libcreate/lib:/opt/ros/dashing/opt/yaml_cpp_vendor/lib:/opt/ros/dashing/opt/rviz_ogre_vendor/lib:/usr/lib:/opt/rti.com/rti_connext_dds-5.3.1/lib/x64Linux3gcc5.4.0:/opt/ros/dashing/lib /usr/bin/cmake --build /home/shiozaki/ros2/build/hello_world -- -j4 -l4
