[ 10%] Built target talker_with_service
[ 20%] Built target listener
[ 30%] Built target talker_listener_composition
[ 40%] Built target client_sync
[35m[1mScanning dependencies of target talker[0m
[ 50%] Built target talker_with_service_param
[ 60%] Built target listener_component
[ 70%] Built target set_and_get_parameters
[ 75%] [32mBuilding CXX object CMakeFiles/talker.dir/src/talker.cpp.o[0m
[ 95%] Built target client_async
[ 95%] Built target talker_component
[01m[K/home/shiozaki/ros2/src/hello_world/src/talker.cpp:[m[K In lambda function:
[01m[K/home/shiozaki/ros2/src/hello_world/src/talker.cpp:59:90:[m[K [01;31m[Kerror: [m[Kno matching function for call to â€˜[01m[Kduration_cast<std::chrono::microseconds>(double&)[m[Kâ€™
 .frame_id = std::chrono::duration_cast<std::chrono::microseconds>(num_seconds[01;31m[K)[m[K;
                                                                              [01;31m[K^[m[K
In file included from [01m[K/home/shiozaki/ros2/src/hello_world/src/talker.cpp:15:0[m[K:
[01m[K/usr/include/c++/7/chrono:194:7:[m[K [01;36m[Knote: [m[Kcandidate: template<class _ToDur, class _Rep, class _Period> constexpr typename std::enable_if<std::chrono::__is_duration<_Tp>::value, _ToDur>::type std::chrono::duration_cast(const std::chrono::duration<_Rep, _Period>&)
       [01;36m[Kduration_cast[m[K(const duration<_Rep, _Period>& __d)
       [01;36m[K^~~~~~~~~~~~~[m[K
[01m[K/usr/include/c++/7/chrono:194:7:[m[K [01;36m[Knote: [m[K  template argument deduction/substitution failed:
[01m[K/home/shiozaki/ros2/src/hello_world/src/talker.cpp:59:90:[m[K [01;36m[Knote: [m[K  mismatched types â€˜[01m[Kconst std::chrono::duration<_Rep, _Period>[m[Kâ€™ and â€˜[01m[Kdouble[m[Kâ€™
 .frame_id = std::chrono::duration_cast<std::chrono::microseconds>(num_seconds[01;36m[K)[m[K;
                                                                              [01;36m[K^[m[K
CMakeFiles/talker.dir/build.make:62: recipe for target 'CMakeFiles/talker.dir/src/talker.cpp.o' failed
make[2]: *** [CMakeFiles/talker.dir/src/talker.cpp.o] Error 1
make[1]: *** [CMakeFiles/talker.dir/all] Error 2
CMakeFiles/Makefile2:284: recipe for target 'CMakeFiles/talker.dir/all' failed
Makefile:140: recipe for target 'all' failed
make: *** [all] Error 2
