[01m[K/home/shiozaki/ros2/src/hello_world/src/talker.cpp:[m[K In lambda function:
[01m[K/home/shiozaki/ros2/src/hello_world/src/talker.cpp:47:17:[m[K [01;31m[Kerror: [m[Kâ€˜[01m[Kusing _data_type = class std::vector<int> {aka class std::vector<int>}[m[Kâ€™ has no member named â€˜[01m[Kpush_buck[m[Kâ€™; did you mean â€˜[01m[Kpush_back[m[Kâ€™?
   arr_msg->data.[01;31m[Kpush_buck[m[K(1);
                 [01;31m[K^~~~~~~~~[m[K
                 [32m[Kpush_back[m[K
make[2]: *** [CMakeFiles/talker.dir/src/talker.cpp.o] Error 1
make[1]: *** [CMakeFiles/talker.dir/all] Error 2
make: *** [all] Error 2
