[01m[K/home/shiozaki/ros2/src/hello_world/src/talker.cpp:[m[K In lambda function:
[01m[K/home/shiozaki/ros2/src/hello_world/src/talker.cpp:42:24:[m[K [01;31m[Kerror: [m[Kâ€˜[01m[Kduble[m[Kâ€™ was not declared in this scope
  std::chrono::duration<[01;31m[Kduble[m[K> diff = end - start;
                        [01;31m[K^~~~~[m[K
[01m[K/home/shiozaki/ros2/src/hello_world/src/talker.cpp:42:24:[m[K [01;36m[Knote: [m[Ksuggested alternative: â€˜[01m[Kdouble[m[Kâ€™
  std::chrono::duration<[01;36m[Kduble[m[K> diff = end - start;
                        [01;36m[K^~~~~[m[K
                        [32m[Kdouble[m[K
[01m[K/home/shiozaki/ros2/src/hello_world/src/talker.cpp:42:29:[m[K [01;31m[Kerror: [m[Ktemplate argument 1 is invalid
  std::chrono::duration<duble[01;31m[K>[m[K diff = end - start;
                             [01;31m[K^[m[K
[01m[K/home/shiozaki/ros2/src/hello_world/src/talker.cpp:42:44:[m[K [01;31m[Kerror: [m[Kcannot convert â€˜[01m[Kstd::__success_type<std::chrono::duration<long int, std::ratio<1, 1000000000> > >::type {aka std::chrono::duration<long int, std::ratio<1, 1000000000> >}[m[Kâ€™ to â€˜[01m[Kint[m[Kâ€™ in initialization
  std::chrono::duration<duble> diff = end - [01;31m[Kstart[m[K;
                                            [01;31m[K^~~~~[m[K
[01m[K/home/shiozaki/ros2/src/hello_world/src/talker.cpp:43:49:[m[K [01;31m[Kerror: [m[Krequest for member â€˜[01m[Kcount[m[Kâ€™ in â€˜[01m[Kdiff[m[Kâ€™, which is of non-class type â€˜[01m[Kint[m[Kâ€™
         msg->data = "Hello world!" + (char)diff.[01;31m[Kcount[m[K();
                                                 [01;31m[K^~~~~[m[K
make[2]: *** [CMakeFiles/talker.dir/src/talker.cpp.o] Error 1
make[1]: *** [CMakeFiles/talker.dir/all] Error 2
make: *** [all] Error 2
