[ 10%] Built target listener
[ 20%] Built target talker_with_service
[ 30%] Built target talker_listener_composition
[ 40%] Built target client_sync
[35m[1mScanning dependencies of target talker[0m
[ 50%] Built target listener_component
[ 60%] Built target talker_with_service_param
[ 70%] Built target set_and_get_parameters
[ 75%] [32mBuilding CXX object CMakeFiles/talker.dir/src/talker.cpp.o[0m
[ 85%] Built target client_async
[ 95%] Built target talker_component
[01m[K/home/shiozaki/ros2/src/hello_world/src/talker.cpp:[m[K In lambda function:
[01m[K/home/shiozaki/ros2/src/hello_world/src/talker.cpp:55:109:[m[K [01;31m[Kerror: [m[Kinvalid use of non-static member function â€˜[01m[Kconstexpr std::chrono::duration<_Rep, _Period>::rep std::chrono::duration<_Rep, _Period>::count() const [with _Rep = long int; _Period = std::ratio<1, 1000000000>; std::chrono::duration<_Rep, _Period>::rep = long int][m[Kâ€™
  auto duration_in_seconds = std::chrono::duration_cast<std::chrono::microseconds>(a.time_since_epoch().count[01;31m[K)[m[K;
                                                                                                             [01;31m[K^[m[K
In file included from [01m[K/home/shiozaki/ros2/src/hello_world/src/talker.cpp:15:0[m[K:
[01m[K/usr/include/c++/7/chrono:342:2:[m[K [01;36m[Knote: [m[Kdeclared here
  [01;36m[Kcount[m[K() const
  [01;36m[K^~~~~[m[K
[01m[K/home/shiozaki/ros2/src/hello_world/src/talker.cpp:59:40:[m[K [01;31m[Kerror: [m[Kâ€˜[01m[Kdutarion_in_seconds[m[Kâ€™ was not declared in this scope
  img->header.frame_id = std::to_string([01;31m[Kdutarion_in_seconds[m[K);
                                        [01;31m[K^~~~~~~~~~~~~~~~~~~[m[K
make[2]: *** [CMakeFiles/talker.dir/src/talker.cpp.o] Error 1
CMakeFiles/talker.dir/build.make:62: recipe for target 'CMakeFiles/talker.dir/src/talker.cpp.o' failed
CMakeFiles/Makefile2:284: recipe for target 'CMakeFiles/talker.dir/all' failed
make[1]: *** [CMakeFiles/talker.dir/all] Error 2
Makefile:140: recipe for target 'all' failed
make: *** [all] Error 2
