[0.025s] Invoking command in '/home/shiozaki/ros2/build/hello_world': CMAKE_PREFIX_PATH=/home/shiozaki/ros2/install/hello_world_msgs:/home/shiozaki/ros2/install/libcreate:/home/shiozaki/ros2/install/hello_world:/home/shiozaki/ros2/install/fibonacci:/home/shiozaki/ros2/install/examples_rclpy_topics:/home/shiozaki/ros2/install/examples_rclpy_services:/home/shiozaki/ros2/install/examples_rclpy_minimal_action_server:/opt/ros/dashing LD_LIBRARY_PATH=/home/shiozaki/ros2/install/hello_world_msgs/lib:/home/shiozaki/ros2/install/libcreate/lib:/opt/ros/dashing/opt/yaml_cpp_vendor/lib:/opt/ros/dashing/opt/rviz_ogre_vendor/lib:/usr/lib:/opt/rti.com/rti_connext_dds-5.3.1/lib/x64Linux3gcc5.4.0:/opt/ros/dashing/lib /usr/bin/cmake --build /home/shiozaki/ros2/build/hello_world -- -j4 -l4
[0.132s] [ 10%] Built target talker_listener_composition
[0.145s] [ 20%] Built target listener
[0.154s] [ 40%] Built target talker_with_service
[0.154s] [ 40%] Built target client_sync
[0.181s] [35m[1mScanning dependencies of target talker[0m
[0.207s] [ 50%] Built target talker_with_service_param
[0.212s] [ 60%] Built target set_and_get_parameters
[0.220s] [ 70%] Built target listener_component
[0.238s] [ 75%] [32mBuilding CXX object CMakeFiles/talker.dir/src/talker.cpp.o[0m
[0.263s] [ 85%] Built target client_async
[0.263s] [ 95%] Built target talker_component
[1.262s] [01m[K/home/shiozaki/ros2/src/hello_world/src/talker.cpp:67:34:[m[K [01;31m[Kerror: [m[Kâ€˜[01m[KInt32MultiArray[m[Kâ€™ is not a member of â€˜[01m[Kstd_msgs::msg[m[Kâ€™
[1.263s]    std::shared_ptr<std_msgs::msg::[01;31m[KInt32MultiArray[m[K> msg_;
[1.263s]                                   [01;31m[K^~~~~~~~~~~~~~~[m[K
[1.263s] [01m[K/home/shiozaki/ros2/src/hello_world/src/talker.cpp:67:34:[m[K [01;31m[Kerror: [m[Kâ€˜[01m[KInt32MultiArray[m[Kâ€™ is not a member of â€˜[01m[Kstd_msgs::msg[m[Kâ€™
[1.263s] [01m[K/home/shiozaki/ros2/src/hello_world/src/talker.cpp:67:49:[m[K [01;31m[Kerror: [m[Ktemplate argument 1 is invalid
[1.263s]    std::shared_ptr<std_msgs::msg::Int32MultiArray[01;31m[K>[m[K msg_;
[1.263s]                                                  [01;31m[K^[m[K
[1.264s] [01m[K/home/shiozaki/ros2/src/hello_world/src/talker.cpp:68:36:[m[K [01;31m[Kerror: [m[Kâ€˜[01m[KInt32MultiArray[m[Kâ€™ is not a member of â€˜[01m[Kstd_msgs::msg[m[Kâ€™
[1.264s]    rclcpp::Publisher<std_msgs::msg::[01;31m[KInt32MultiArray[m[K>::SharedPtr pub_;
[1.264s]                                     [01;31m[K^~~~~~~~~~~~~~~[m[K
[1.264s] [01m[K/home/shiozaki/ros2/src/hello_world/src/talker.cpp:68:36:[m[K [01;31m[Kerror: [m[Kâ€˜[01m[KInt32MultiArray[m[Kâ€™ is not a member of â€˜[01m[Kstd_msgs::msg[m[Kâ€™
[1.264s] [01m[K/home/shiozaki/ros2/src/hello_world/src/talker.cpp:68:51:[m[K [01;31m[Kerror: [m[Ktemplate argument 1 is invalid
[1.265s]    rclcpp::Publisher<std_msgs::msg::Int32MultiArray[01;31m[K>[m[K::SharedPtr pub_;
[1.265s]                                                    [01;31m[K^[m[K
[1.265s] [01m[K/home/shiozaki/ros2/src/hello_world/src/talker.cpp:68:54:[m[K [01;31m[Kerror: [m[Kexpected â€˜[01m[K;[m[Kâ€™ at end of member declaration
[1.265s]    rclcpp::Publisher<std_msgs::msg::Int32MultiArray>::[01;31m[KSharedPtr[m[K pub_;
[1.265s]                                                       [01;31m[K^~~~~~~~~[m[K
[1.265s] [01m[K/home/shiozaki/ros2/src/hello_world/src/talker.cpp:68:64:[m[K [01;31m[Kerror: [m[Kâ€˜[01m[Kpub_[m[Kâ€™ does not name a type; did you mean â€˜[01m[Kputw[m[Kâ€™?
[1.266s]    rclcpp::Publisher<std_msgs::msg::Int32MultiArray>::SharedPtr [01;31m[Kpub_[m[K;
[1.266s]                                                                 [01;31m[K^~~~[m[K
[1.266s]                                                                 [32m[Kputw[m[K
[1.266s] [01m[K/home/shiozaki/ros2/src/hello_world/src/talker.cpp:[m[K In lambda function:
[1.266s] [01m[K/home/shiozaki/ros2/src/hello_world/src/talker.cpp:44:49:[m[K [01;31m[Kerror: [m[Kâ€˜[01m[KInt32MultiArray[m[Kâ€™ is not a member of â€˜[01m[Kstd_msgs::msg[m[Kâ€™
[1.266s]   auto arr_msg = std::make_unique<std_msgs::msg::[01;31m[KInt32MultiArray[m[K>();
[1.267s]                                                  [01;31m[K^~~~~~~~~~~~~~~[m[K
[1.267s] [01m[K/home/shiozaki/ros2/src/hello_world/src/talker.cpp:44:49:[m[K [01;31m[Kerror: [m[Kâ€˜[01m[KInt32MultiArray[m[Kâ€™ is not a member of â€˜[01m[Kstd_msgs::msg[m[Kâ€™
[1.267s] [01m[K/home/shiozaki/ros2/src/hello_world/src/talker.cpp:44:66:[m[K [01;31m[Kerror: [m[Kno matching function for call to â€˜[01m[Kmake_unique<<expression error> >()[m[Kâ€™
[1.267s]   auto arr_msg = std::make_unique<std_msgs::msg::Int32MultiArray>([01;31m[K)[m[K;
[1.267s]                                                                   [01;31m[K^[m[K
[1.267s] In file included from [01m[K/usr/include/c++/7/memory:80:0[m[K,
[1.268s]                  from [01m[K/home/shiozaki/ros2/src/hello_world/src/talker.cpp:17[m[K:
[1.268s] [01m[K/usr/include/c++/7/bits/unique_ptr.h:820:5:[m[K [01;36m[Knote: [m[Kcandidate: template<class _Tp, class ... _Args> typename std::_MakeUniq<_Tp>::__single_object std::make_unique(_Args&& ...)
[1.268s]      [01;36m[Kmake_unique[m[K(_Args&&... __args)
[1.268s]      [01;36m[K^~~~~~~~~~~[m[K
[1.268s] [01m[K/usr/include/c++/7/bits/unique_ptr.h:820:5:[m[K [01;36m[Knote: [m[K  template argument deduction/substitution failed:
[1.268s] [01m[K/home/shiozaki/ros2/src/hello_world/src/talker.cpp:44:66:[m[K [01;31m[Kerror: [m[Ktemplate argument 1 is invalid
[1.268s]   auto arr_msg = std::make_unique<std_msgs::msg::Int32MultiArray>([01;31m[K)[m[K;
[1.268s]                                                                   [01;31m[K^[m[K
[1.268s] In file included from [01m[K/usr/include/c++/7/memory:80:0[m[K,
[1.268s]                  from [01m[K/home/shiozaki/ros2/src/hello_world/src/talker.cpp:17[m[K:
[1.268s] [01m[K/usr/include/c++/7/bits/unique_ptr.h:826:5:[m[K [01;36m[Knote: [m[Kcandidate: template<class _Tp> typename std::_MakeUniq<_Tp>::__array std::make_unique(std::size_t)
[1.268s]      [01;36m[Kmake_unique[m[K(size_t __num)
[1.269s]      [01;36m[K^~~~~~~~~~~[m[K
[1.269s] [01m[K/usr/include/c++/7/bits/unique_ptr.h:826:5:[m[K [01;36m[Knote: [m[K  template argument deduction/substitution failed:
[1.269s] [01m[K/home/shiozaki/ros2/src/hello_world/src/talker.cpp:44:66:[m[K [01;31m[Kerror: [m[Ktemplate argument 1 is invalid
[1.269s]   auto arr_msg = std::make_unique<std_msgs::msg::Int32MultiArray>([01;31m[K)[m[K;
[1.269s]                                                                   [01;31m[K^[m[K
[1.269s] In file included from [01m[K/usr/include/c++/7/memory:80:0[m[K,
[1.269s]                  from [01m[K/home/shiozaki/ros2/src/hello_world/src/talker.cpp:17[m[K:
[1.269s] [01m[K/usr/include/c++/7/bits/unique_ptr.h:832:5:[m[K [01;36m[Knote: [m[Kcandidate: template<class _Tp, class ... _Args> typename std::_MakeUniq<_Tp>::__invalid_type std::make_unique(_Args&& ...) <deleted>
[1.269s]      [01;36m[Kmake_unique[m[K(_Args&&...) = delete;
[1.269s]      [01;36m[K^~~~~~~~~~~[m[K
[1.269s] [01m[K/usr/include/c++/7/bits/unique_ptr.h:832:5:[m[K [01;36m[Knote: [m[K  template argument deduction/substitution failed:
[1.269s] [01m[K/home/shiozaki/ros2/src/hello_world/src/talker.cpp:44:66:[m[K [01;31m[Kerror: [m[Ktemplate argument 1 is invalid
[1.270s]   auto arr_msg = std::make_unique<std_msgs::msg::Int32MultiArray>([01;31m[K)[m[K;
[1.270s]                                                                   [01;31m[K^[m[K
[1.270s] [01m[K/home/shiozaki/ros2/src/hello_world/src/talker.cpp:45:2:[m[K [01;31m[Kerror: [m[Kâ€˜[01m[Kint32[m[Kâ€™ was not declared in this scope
[1.270s]   [01;31m[Kint32[m[K []data = {1, 2, 3};
[1.270s]   [01;31m[K^~~~~[m[K
[1.270s] [01m[K/home/shiozaki/ros2/src/hello_world/src/talker.cpp:45:2:[m[K [01;36m[Knote: [m[Ksuggested alternative: â€˜[01m[Kint32_t[m[Kâ€™
[1.270s]   [01;36m[Kint32[m[K []data = {1, 2, 3};
[1.270s]   [01;36m[K^~~~~[m[K
[1.270s]   [32m[Kint32_t[m[K
[1.270s] [01m[K/home/shiozaki/ros2/src/hello_world/src/talker.cpp:45:9:[m[K [01;31m[Kerror: [m[Kexpected primary-expression before â€˜[01m[K][m[Kâ€™ token
[1.270s]   int32 [[01;31m[K][m[Kdata = {1, 2, 3};
[1.271s]          [01;31m[K^[m[K
[1.271s] [01m[K/home/shiozaki/ros2/src/hello_world/src/talker.cpp:46:18:[m[K [01;31m[Kerror: [m[Kâ€˜[01m[Kdata[m[Kâ€™ was not declared in this scope
[1.271s]   arr_msg->data = [01;31m[Kdata[m[K;
[1.271s]                   [01;31m[K^~~~[m[K
[1.271s] [01m[K/home/shiozaki/ros2/src/hello_world/src/talker.cpp:48:9:[m[K [01;31m[Kerror: [m[Kâ€˜[01m[Kmsg[m[Kâ€™ was not declared in this scope
[1.271s]          [01;31m[Kmsg[m[K->data = "Hello world!";
[1.271s]          [01;31m[K^~~[m[K
[1.271s] [01m[K/home/shiozaki/ros2/src/hello_world/src/talker.cpp:48:9:[m[K [01;36m[Knote: [m[Ksuggested alternatives:
[1.271s] In file included from [01m[K/opt/ros/dashing/include/rcl_interfaces/msg/intra_process_message.hpp:7:0[m[K,
[1.271s]                  from [01m[K/opt/ros/dashing/include/rclcpp/publisher.hpp:31[m[K,
[1.271s]                  from [01m[K/opt/ros/dashing/include/rclcpp/callback_group.hpp:24[m[K,
[1.272s]                  from [01m[K/opt/ros/dashing/include/rclcpp/any_executable.hpp:20[m[K,
[1.272s]                  from [01m[K/opt/ros/dashing/include/rclcpp/memory_strategy.hpp:24[m[K,
[1.272s]                  from [01m[K/opt/ros/dashing/include/rclcpp/memory_strategies.hpp:18[m[K,
[1.272s]                  from [01m[K/opt/ros/dashing/include/rclcpp/executor.hpp:33[m[K,
[1.272s]                  from [01m[K/opt/ros/dashing/include/rclcpp/executors/multi_threaded_executor.hpp:24[m[K,
[1.272s]                  from [01m[K/opt/ros/dashing/include/rclcpp/executors.hpp:21[m[K,
[1.272s]                  from [01m[K/opt/ros/dashing/include/rclcpp/rclcpp.hpp:144[m[K,
[1.273s]                  from [01m[K/home/shiozaki/ros2/src/hello_world/src/talker.cpp:19[m[K:
[1.273s] [01m[K/opt/ros/dashing/include/rcl_interfaces/msg/intra_process_message__struct.hpp:36:11:[m[K [01;36m[Knote: [m[K  â€˜[01m[Krcl_interfaces::msg[m[Kâ€™
[1.273s]  namespace [01;36m[Kmsg[m[K
[1.273s]            [01;36m[K^~~[m[K
[1.273s] In file included from [01m[K/opt/ros/dashing/include/builtin_interfaces/msg/time.hpp:7:0[m[K,
[1.273s]                  from [01m[K/opt/ros/dashing/include/rclcpp/time.hpp:18[m[K,
[1.273s]                  from [01m[K/opt/ros/dashing/include/rclcpp/clock.hpp:21[m[K,
[1.273s]                  from [01m[K/opt/ros/dashing/include/rclcpp/timer.hpp:26[m[K,
[1.273s]                  from [01m[K/opt/ros/dashing/include/rclcpp/callback_group.hpp:27[m[K,
[1.273s]                  from [01m[K/opt/ros/dashing/include/rclcpp/any_executable.hpp:20[m[K,
[1.273s]                  from [01m[K/opt/ros/dashing/include/rclcpp/memory_strategy.hpp:24[m[K,
[1.273s]                  from [01m[K/opt/ros/dashing/include/rclcpp/memory_strategies.hpp:18[m[K,
[1.274s]                  from [01m[K/opt/ros/dashing/include/rclcpp/executor.hpp:33[m[K,
[1.274s]                  from [01m[K/opt/ros/dashing/include/rclcpp/executors/multi_threaded_executor.hpp:24[m[K,
[1.274s]                  from [01m[K/opt/ros/dashing/include/rclcpp/executors.hpp:21[m[K,
[1.274s]                  from [01m[K/opt/ros/dashing/include/rclcpp/rclcpp.hpp:144[m[K,
[1.274s]                  from [01m[K/home/shiozaki/ros2/src/hello_world/src/talker.cpp:19[m[K:
[1.274s] [01m[K/opt/ros/dashing/include/builtin_interfaces/msg/time__struct.hpp:36:11:[m[K [01;36m[Knote: [m[K  â€˜[01m[Kbuiltin_interfaces::msg[m[Kâ€™
[1.274s]  namespace [01;36m[Kmsg[m[K
[1.274s]            [01;36m[K^~~[m[K
[1.274s] In file included from [01m[K/opt/ros/dashing/include/std_msgs/msg/string.hpp:7:0[m[K,
[1.274s]                  from [01m[K/home/shiozaki/ros2/src/hello_world/src/talker.cpp:20[m[K:
[1.274s] [01m[K/opt/ros/dashing/include/std_msgs/msg/string__struct.hpp:36:11:[m[K [01;36m[Knote: [m[K  â€˜[01m[Kstd_msgs::msg[m[Kâ€™
[1.274s]  namespace [01;36m[Kmsg[m[K
[1.274s]            [01;36m[K^~~[m[K
[1.275s] In file included from [01m[K/opt/ros/dashing/include/sensor_msgs/msg/image.hpp:7:0[m[K,
[1.275s]                  from [01m[K/home/shiozaki/ros2/src/hello_world/src/talker.cpp:21[m[K:
[1.275s] [01m[K/opt/ros/dashing/include/sensor_msgs/msg/image__struct.hpp:40:11:[m[K [01;36m[Knote: [m[K  â€˜[01m[Ksensor_msgs::msg[m[Kâ€™
[1.275s]  namespace [01;36m[Kmsg[m[K
[1.275s]            [01;36m[K^~~[m[K
[1.275s] [01m[K/home/shiozaki/ros2/src/hello_world/src/talker.cpp:55:9:[m[K [01;31m[Kerror: [m[Kâ€˜[01m[Kpub_[m[Kâ€™ was not declared in this scope
[1.275s]          [01;31m[Kpub_[m[K->publish(std::move(msg));
[1.275s]          [01;31m[K^~~~[m[K
[1.275s] [01m[K/home/shiozaki/ros2/src/hello_world/src/talker.cpp:55:9:[m[K [01;36m[Knote: [m[Ksuggested alternative: â€˜[01m[Kputw[m[Kâ€™
[1.275s]          [01;36m[Kpub_[m[K->publish(std::move(msg));
[1.275s]          [01;36m[K^~~~[m[K
[1.275s]          [32m[Kputw[m[K
[1.276s] [01m[K/home/shiozaki/ros2/src/hello_world/src/talker.cpp:[m[K In constructor â€˜[01m[KTalker::Talker(const string&)[m[Kâ€™:
[1.276s] [01m[K/home/shiozaki/ros2/src/hello_world/src/talker.cpp:61:5:[m[K [01;31m[Kerror: [m[Kâ€˜[01m[Kpub_[m[Kâ€™ was not declared in this scope
[1.276s]      [01;31m[Kpub_[m[K = create_publisher<std_msgs::msg::Int32MultiArray>(topic_name, qos);
[1.276s]      [01;31m[K^~~~[m[K
[1.276s] [01m[K/home/shiozaki/ros2/src/hello_world/src/talker.cpp:61:5:[m[K [01;36m[Knote: [m[Ksuggested alternative: â€˜[01m[Kputw[m[Kâ€™
[1.276s]      [01;36m[Kpub_[m[K = create_publisher<std_msgs::msg::Int32MultiArray>(topic_name, qos);
[1.276s]      [01;36m[K^~~~[m[K
[1.276s]      [32m[Kputw[m[K
[1.276s] [01m[K/home/shiozaki/ros2/src/hello_world/src/talker.cpp:61:44:[m[K [01;31m[Kerror: [m[Kâ€˜[01m[KInt32MultiArray[m[Kâ€™ is not a member of â€˜[01m[Kstd_msgs::msg[m[Kâ€™
[1.276s]      pub_ = create_publisher<std_msgs::msg::[01;31m[KInt32MultiArray[m[K>(topic_name, qos);
[1.276s]                                             [01;31m[K^~~~~~~~~~~~~~~[m[K
[1.276s] [01m[K/home/shiozaki/ros2/src/hello_world/src/talker.cpp:61:44:[m[K [01;31m[Kerror: [m[Kâ€˜[01m[KInt32MultiArray[m[Kâ€™ is not a member of â€˜[01m[Kstd_msgs::msg[m[Kâ€™
[1.277s] [01m[K/home/shiozaki/ros2/src/hello_world/src/talker.cpp:61:76:[m[K [01;31m[Kerror: [m[Kno matching function for call to â€˜[01m[KTalker::create_publisher<<expression error> >(const string&, rclcpp::QoS&)[m[Kâ€™
[1.277s]      pub_ = create_publisher<std_msgs::msg::Int32MultiArray>(topic_name, qos[01;31m[K)[m[K;
[1.277s]                                                                             [01;31m[K^[m[K
[1.277s] In file included from [01m[K/opt/ros/dashing/include/rclcpp/executors/single_threaded_executor.hpp:28:0[m[K,
[1.277s]                  from [01m[K/opt/ros/dashing/include/rclcpp/executors.hpp:22[m[K,
[1.277s]                  from [01m[K/opt/ros/dashing/include/rclcpp/rclcpp.hpp:144[m[K,
[1.277s]                  from [01m[K/home/shiozaki/ros2/src/hello_world/src/talker.cpp:19[m[K:
[1.277s] [01m[K/opt/ros/dashing/include/rclcpp/node.hpp:177:3:[m[K [01;36m[Knote: [m[Kcandidate: template<class MessageT, class AllocatorT, class PublisherT> std::shared_ptr<PublisherT> rclcpp::Node::create_publisher(const string&, const rclcpp::QoS&, const rclcpp::PublisherOptionsWithAllocator<AllocatorT>&)
[1.277s]    [01;36m[Kcreate_publisher[m[K(
[1.277s]    [01;36m[K^~~~~~~~~~~~~~~~[m[K
[1.277s] [01m[K/opt/ros/dashing/include/rclcpp/node.hpp:177:3:[m[K [01;36m[Knote: [m[K  template argument deduction/substitution failed:
[1.277s] [01m[K/home/shiozaki/ros2/src/hello_world/src/talker.cpp:61:76:[m[K [01;31m[Kerror: [m[Ktemplate argument 1 is invalid
[1.278s]      pub_ = create_publisher<std_msgs::msg::Int32MultiArray>(topic_name, qos[01;31m[K)[m[K;
[1.278s]                                                                             [01;31m[K^[m[K
[1.278s] In file included from [01m[K/opt/ros/dashing/include/rclcpp/executors/single_threaded_executor.hpp:28:0[m[K,
[1.278s]                  from [01m[K/opt/ros/dashing/include/rclcpp/executors.hpp:22[m[K,
[1.278s]                  from [01m[K/opt/ros/dashing/include/rclcpp/rclcpp.hpp:144[m[K,
[1.279s]                  from [01m[K/home/shiozaki/ros2/src/hello_world/src/talker.cpp:19[m[K:
[1.279s] [01m[K/opt/ros/dashing/include/rclcpp/node.hpp:198:3:[m[K [01;36m[Knote: [m[Kcandidate: template<class MessageT, class AllocatorT, class PublisherT> std::shared_ptr<PublisherT> rclcpp::Node::create_publisher(const string&, size_t, std::shared_ptr<_Up>)
[1.279s]    [01;36m[Kcreate_publisher[m[K(
[1.279s]    [01;36m[K^~~~~~~~~~~~~~~~[m[K
[1.279s] [01m[K/opt/ros/dashing/include/rclcpp/node.hpp:198:3:[m[K [01;36m[Knote: [m[K  template argument deduction/substitution failed:
[1.279s] [01m[K/home/shiozaki/ros2/src/hello_world/src/talker.cpp:61:76:[m[K [01;31m[Kerror: [m[Ktemplate argument 1 is invalid
[1.280s]      pub_ = create_publisher<std_msgs::msg::Int32MultiArray>(topic_name, qos[01;31m[K)[m[K;
[1.280s]                                                                             [01;31m[K^[m[K
[1.280s] In file included from [01m[K/opt/ros/dashing/include/rclcpp/executors/single_threaded_executor.hpp:28:0[m[K,
[1.280s]                  from [01m[K/opt/ros/dashing/include/rclcpp/executors.hpp:22[m[K,
[1.280s]                  from [01m[K/opt/ros/dashing/include/rclcpp/rclcpp.hpp:144[m[K,
[1.280s]                  from [01m[K/home/shiozaki/ros2/src/hello_world/src/talker.cpp:19[m[K:
[1.280s] [01m[K/opt/ros/dashing/include/rclcpp/node.hpp:217:3:[m[K [01;36m[Knote: [m[Kcandidate: template<class MessageT, class AllocatorT, class PublisherT> std::shared_ptr<PublisherT> rclcpp::Node::create_publisher(const string&, const rmw_qos_profile_t&, std::shared_ptr<_Up>)
[1.280s]    [01;36m[Kcreate_publisher[m[K(
[1.280s]    [01;36m[K^~~~~~~~~~~~~~~~[m[K
[1.280s] [01m[K/opt/ros/dashing/include/rclcpp/node.hpp:217:3:[m[K [01;36m[Knote: [m[K  template argument deduction/substitution failed:
[1.280s] [01m[K/home/shiozaki/ros2/src/hello_world/src/talker.cpp:61:76:[m[K [01;31m[Kerror: [m[Ktemplate argument 1 is invalid
[1.280s]      pub_ = create_publisher<std_msgs::msg::Int32MultiArray>(topic_name, qos[01;31m[K)[m[K;
[1.281s]                                                                             [01;31m[K^[m[K
[1.485s] make[2]: *** [CMakeFiles/talker.dir/src/talker.cpp.o] Error 1
[1.485s] CMakeFiles/talker.dir/build.make:62: recipe for target 'CMakeFiles/talker.dir/src/talker.cpp.o' failed
[1.486s] CMakeFiles/Makefile2:284: recipe for target 'CMakeFiles/talker.dir/all' failed
[1.486s] make[1]: *** [CMakeFiles/talker.dir/all] Error 2
[1.486s] make: *** [all] Error 2
[1.486s] Makefile:140: recipe for target 'all' failed
[1.488s] Invoked command in '/home/shiozaki/ros2/build/hello_world' returned '2': CMAKE_PREFIX_PATH=/home/shiozaki/ros2/install/hello_world_msgs:/home/shiozaki/ros2/install/libcreate:/home/shiozaki/ros2/install/hello_world:/home/shiozaki/ros2/install/fibonacci:/home/shiozaki/ros2/install/examples_rclpy_topics:/home/shiozaki/ros2/install/examples_rclpy_services:/home/shiozaki/ros2/install/examples_rclpy_minimal_action_server:/opt/ros/dashing LD_LIBRARY_PATH=/home/shiozaki/ros2/install/hello_world_msgs/lib:/home/shiozaki/ros2/install/libcreate/lib:/opt/ros/dashing/opt/yaml_cpp_vendor/lib:/opt/ros/dashing/opt/rviz_ogre_vendor/lib:/usr/lib:/opt/rti.com/rti_connext_dds-5.3.1/lib/x64Linux3gcc5.4.0:/opt/ros/dashing/lib /usr/bin/cmake --build /home/shiozaki/ros2/build/hello_world -- -j4 -l4
