[ 10%] Built target talker_with_service
[ 30%] Built target client_sync
[ 30%] Built target talker_listener_composition
[ 40%] Built target listener
[35m[1mScanning dependencies of target talker[0m
[ 60%] Built target talker_with_service_param
[ 60%] Built target set_and_get_parameters
[ 70%] Built target listener_component
[ 75%] [32mBuilding CXX object CMakeFiles/talker.dir/src/talker.cpp.o[0m
[ 95%] Built target talker_component
[ 95%] Built target client_async
[01m[K/home/shiozaki/ros2/src/hello_world/src/talker.cpp:[m[K In lambda function:
[01m[K/home/shiozaki/ros2/src/hello_world/src/talker.cpp:59:30:[m[K [01;31m[Kerror: [m[Kâ€˜[01m[Kstd::chron[m[Kâ€™ has not been declared
  img->header.frame_id = std::[01;31m[Kchron[m[K::duration_cast<std::chrono;;microseconds>(num_seconds);
                              [01;31m[K^~~~~[m[K
[01m[K/home/shiozaki/ros2/src/hello_world/src/talker.cpp:59:62:[m[K [01;31m[Kerror: [m[Kexpected primary-expression before â€˜[01m[K;[m[Kâ€™ token
  img->header.frame_id = std::chron::duration_cast<std::chrono[01;31m[K;[m[K;microseconds>(num_seconds);
                                                              [01;31m[K^[m[K
[01m[K/home/shiozaki/ros2/src/hello_world/src/talker.cpp:59:64:[m[K [01;31m[Kerror: [m[Kâ€˜[01m[Kmicroseconds[m[Kâ€™ was not declared in this scope
  img->header.frame_id = std::chron::duration_cast<std::chrono;;[01;31m[Kmicroseconds[m[K>(num_seconds);
                                                                [01;31m[K^~~~~~~~~~~~[m[K
[01m[K/home/shiozaki/ros2/src/hello_world/src/talker.cpp:59:64:[m[K [01;36m[Knote: [m[Ksuggested alternative:
In file included from [01m[K/home/shiozaki/ros2/src/hello_world/src/talker.cpp:15:0[m[K:
[01m[K/usr/include/c++/7/chrono:600:43:[m[K [01;36m[Knote: [m[K  â€˜[01m[Kstd::chrono::microseconds[m[Kâ€™
     typedef duration<int64_t, micro>      [01;36m[Kmicroseconds[m[K;
                                           [01;36m[K^~~~~~~~~~~~[m[K
CMakeFiles/talker.dir/build.make:62: recipe for target 'CMakeFiles/talker.dir/src/talker.cpp.o' failed
make[2]: *** [CMakeFiles/talker.dir/src/talker.cpp.o] Error 1
make[1]: *** [CMakeFiles/talker.dir/all] Error 2
CMakeFiles/Makefile2:284: recipe for target 'CMakeFiles/talker.dir/all' failed
Makefile:140: recipe for target 'all' failed
make: *** [all] Error 2
