[0.046s] Invoking command in '/home/shiozaki/ros2/build/hello_world': CMAKE_PREFIX_PATH=/home/shiozaki/ros2/install/hello_world_msgs:/home/shiozaki/ros2/install/libcreate:/home/shiozaki/ros2/install/hello_world:/home/shiozaki/ros2/install/fibonacci:/home/shiozaki/ros2/install/examples_rclpy_topics:/home/shiozaki/ros2/install/examples_rclpy_services:/home/shiozaki/ros2/install/examples_rclpy_minimal_action_server:/opt/ros/dashing LD_LIBRARY_PATH=/home/shiozaki/ros2/install/hello_world_msgs/lib:/home/shiozaki/ros2/install/libcreate/lib:/opt/ros/dashing/opt/yaml_cpp_vendor/lib:/opt/ros/dashing/opt/rviz_ogre_vendor/lib:/usr/lib:/opt/rti.com/rti_connext_dds-5.3.1/lib/x64Linux3gcc5.4.0:/opt/ros/dashing/lib /usr/bin/cmake --build /home/shiozaki/ros2/build/hello_world -- -j4 -l4
[0.155s] [ 20%] Built target talker_with_service
[0.155s] [ 20%] Built target talker_listener_composition
[0.172s] [ 30%] Built target listener
[0.181s] [35m[1mScanning dependencies of target talker[0m
[0.182s] [ 40%] Built target client_sync
[0.225s] [ 50%] Built target talker_with_service_param
[0.225s] [ 55%] [32mBuilding CXX object CMakeFiles/talker.dir/src/talker.cpp.o[0m
[0.233s] [ 65%] Built target listener_component
[0.249s] [ 75%] Built target set_and_get_parameters
[0.284s] [ 85%] Built target talker_component
[0.289s] [ 95%] Built target client_async
[1.282s] [01m[K/home/shiozaki/ros2/src/hello_world/src/talker.cpp:[m[K In lambda function:
[1.282s] [01m[K/home/shiozaki/ros2/src/hello_world/src/talker.cpp:59:30:[m[K [01;31m[Kerror: [m[Kâ€˜[01m[Kstd::chron[m[Kâ€™ has not been declared
[1.282s]   img->header.frame_id = std::[01;31m[Kchron[m[K::duration_cast<std::chrono;;microseconds>(numseconds);
[1.282s]                               [01;31m[K^~~~~[m[K
[1.283s] [01m[K/home/shiozaki/ros2/src/hello_world/src/talker.cpp:59:62:[m[K [01;31m[Kerror: [m[Kexpected primary-expression before â€˜[01m[K;[m[Kâ€™ token
[1.283s]   img->header.frame_id = std::chron::duration_cast<std::chrono[01;31m[K;[m[K;microseconds>(numseconds);
[1.283s]                                                               [01;31m[K^[m[K
[1.283s] [01m[K/home/shiozaki/ros2/src/hello_world/src/talker.cpp:59:64:[m[K [01;31m[Kerror: [m[Kâ€˜[01m[Kmicroseconds[m[Kâ€™ was not declared in this scope
[1.283s]   img->header.frame_id = std::chron::duration_cast<std::chrono;;[01;31m[Kmicroseconds[m[K>(numseconds);
[1.283s]                                                                 [01;31m[K^~~~~~~~~~~~[m[K
[1.283s] [01m[K/home/shiozaki/ros2/src/hello_world/src/talker.cpp:59:64:[m[K [01;36m[Knote: [m[Ksuggested alternative:
[1.283s] In file included from [01m[K/home/shiozaki/ros2/src/hello_world/src/talker.cpp:15:0[m[K:
[1.283s] [01m[K/usr/include/c++/7/chrono:600:43:[m[K [01;36m[Knote: [m[K  â€˜[01m[Kstd::chrono::microseconds[m[Kâ€™
[1.283s]      typedef duration<int64_t, micro>      [01;36m[Kmicroseconds[m[K;
[1.283s]                                            [01;36m[K^~~~~~~~~~~~[m[K
[1.283s] [01m[K/home/shiozaki/ros2/src/hello_world/src/talker.cpp:59:78:[m[K [01;31m[Kerror: [m[Kâ€˜[01m[Knumseconds[m[Kâ€™ was not declared in this scope
[1.284s]   img->header.frame_id = std::chron::duration_cast<std::chrono;;microseconds>([01;31m[Knumseconds[m[K);
[1.284s]                                                                               [01;31m[K^~~~~~~~~~[m[K
[1.284s] [01m[K/home/shiozaki/ros2/src/hello_world/src/talker.cpp:59:78:[m[K [01;36m[Knote: [m[Ksuggested alternative: â€˜[01m[Knum_seconds[m[Kâ€™
[1.284s]   img->header.frame_id = std::chron::duration_cast<std::chrono;;microseconds>([01;36m[Knumseconds[m[K);
[1.284s]                                                                               [01;36m[K^~~~~~~~~~[m[K
[1.284s]                                                                               [32m[Knum_seconds[m[K
[1.717s] CMakeFiles/talker.dir/build.make:62: recipe for target 'CMakeFiles/talker.dir/src/talker.cpp.o' failed
[1.718s] make[2]: *** [CMakeFiles/talker.dir/src/talker.cpp.o] Error 1
[1.718s] make[1]: *** [CMakeFiles/talker.dir/all] Error 2
[1.718s] CMakeFiles/Makefile2:284: recipe for target 'CMakeFiles/talker.dir/all' failed
[1.718s] Makefile:140: recipe for target 'all' failed
[1.718s] make: *** [all] Error 2
[1.720s] Invoked command in '/home/shiozaki/ros2/build/hello_world' returned '2': CMAKE_PREFIX_PATH=/home/shiozaki/ros2/install/hello_world_msgs:/home/shiozaki/ros2/install/libcreate:/home/shiozaki/ros2/install/hello_world:/home/shiozaki/ros2/install/fibonacci:/home/shiozaki/ros2/install/examples_rclpy_topics:/home/shiozaki/ros2/install/examples_rclpy_services:/home/shiozaki/ros2/install/examples_rclpy_minimal_action_server:/opt/ros/dashing LD_LIBRARY_PATH=/home/shiozaki/ros2/install/hello_world_msgs/lib:/home/shiozaki/ros2/install/libcreate/lib:/opt/ros/dashing/opt/yaml_cpp_vendor/lib:/opt/ros/dashing/opt/rviz_ogre_vendor/lib:/usr/lib:/opt/rti.com/rti_connext_dds-5.3.1/lib/x64Linux3gcc5.4.0:/opt/ros/dashing/lib /usr/bin/cmake --build /home/shiozaki/ros2/build/hello_world -- -j4 -l4
